2023-09-16T17:09:10.442+0800	ERROR	controller/user.go:19	SignUp with invalid param	{"error": "Key: 'ParamSignUp.re_password' Error:Field validation for 're_password' failed on the 'eqfield' tag"}
2023-09-16T17:09:10.460+0800	INFO	logger/logger.go:84	/signup	{"status": 200, "method": "POST", "path": "/signup", "query": "", "ip": "::1", "user-agent": "PostmanRuntime/7.33.0", "errors": "", "cost": 0.0179634}
2023-09-16T17:29:39.600+0800	ERROR	controller/user.go:52	Login with invalid param	{"error": "invalid character '}' looking for beginning of object key string"}
2023-09-16T17:29:39.618+0800	INFO	logger/logger.go:84	/login	{"status": 200, "method": "POST", "path": "/login", "query": "", "ip": "::1", "user-agent": "PostmanRuntime/7.33.0", "errors": "", "cost": 0.0179513}
2023-09-16T17:29:50.066+0800	ERROR	controller/user.go:52	Login with invalid param	{"error": "invalid character '}' looking for beginning of object key string"}
2023-09-16T17:29:50.066+0800	INFO	logger/logger.go:84	/login	{"status": 200, "method": "POST", "path": "/login", "query": "", "ip": "::1", "user-agent": "PostmanRuntime/7.33.0", "errors": "", "cost": 0.0007754}
2023-09-16T17:29:53.689+0800	INFO	logger/logger.go:84	/login	{"status": 200, "method": "POST", "path": "/login", "query": "", "ip": "::1", "user-agent": "PostmanRuntime/7.33.0", "errors": "", "cost": 0.0011646}
2023-09-16T17:29:59.695+0800	INFO	logger/logger.go:84	/login	{"status": 200, "method": "POST", "path": "/login", "query": "", "ip": "::1", "user-agent": "PostmanRuntime/7.33.0", "errors": "", "cost": 0.0008576}
2023-09-16T17:30:43.036+0800	INFO	logger/logger.go:84	/login	{"status": 200, "method": "POST", "path": "/login", "query": "", "ip": "::1", "user-agent": "PostmanRuntime/7.33.0", "errors": "", "cost": 0.0014901}
2023-09-16T17:36:35.809+0800	INFO	logger/logger.go:84	/login	{"status": 200, "method": "POST", "path": "/login", "query": "", "ip": "::1", "user-agent": "PostmanRuntime/7.33.0", "errors": "", "cost": 16.9777699}
2023-09-16T17:59:43.506+0800	INFO	logger/logger.go:84	/signup	{"status": 200, "method": "POST", "path": "/signup", "query": "", "ip": "::1", "user-agent": "PostmanRuntime/7.33.0", "errors": "", "cost": 0.0007886}
2023-09-16T17:59:44.551+0800	INFO	logger/logger.go:84	/signup	{"status": 200, "method": "POST", "path": "/signup", "query": "", "ip": "::1", "user-agent": "PostmanRuntime/7.33.0", "errors": "", "cost": 0.0001262}
2023-09-16T17:59:50.661+0800	INFO	logger/logger.go:84	/signup	{"status": 200, "method": "POST", "path": "/signup", "query": "", "ip": "::1", "user-agent": "PostmanRuntime/7.33.0", "errors": "", "cost": 0.0030801}
2023-09-16T17:59:51.548+0800	INFO	logger/logger.go:84	/signup	{"status": 200, "method": "POST", "path": "/signup", "query": "", "ip": "::1", "user-agent": "PostmanRuntime/7.33.0", "errors": "", "cost": 0.0010064}
2023-09-16T18:00:09.544+0800	INFO	logger/logger.go:84	/signup	{"status": 200, "method": "POST", "path": "/signup", "query": "", "ip": "::1", "user-agent": "PostmanRuntime/7.33.0", "errors": "", "cost": 0.0004704}
2023-09-16T18:00:17.968+0800	ERROR	controller/user.go:19	SignUp with invalid param	{"error": "Key: 'ParamSignUp.re_password' Error:Field validation for 're_password' failed on the 'eqfield' tag"}
2023-09-16T18:00:17.968+0800	INFO	logger/logger.go:84	/signup	{"status": 200, "method": "POST", "path": "/signup", "query": "", "ip": "::1", "user-agent": "PostmanRuntime/7.33.0", "errors": "", "cost": 0.0007336}
2023-09-16T18:00:19.196+0800	ERROR	controller/user.go:19	SignUp with invalid param	{"error": "Key: 'ParamSignUp.re_password' Error:Field validation for 're_password' failed on the 'eqfield' tag"}
2023-09-16T18:00:19.197+0800	INFO	logger/logger.go:84	/signup	{"status": 200, "method": "POST", "path": "/signup", "query": "", "ip": "::1", "user-agent": "PostmanRuntime/7.33.0", "errors": "", "cost": 0.0009866}
2023-09-16T18:00:22.398+0800	INFO	logger/logger.go:84	/signup	{"status": 200, "method": "POST", "path": "/signup", "query": "", "ip": "::1", "user-agent": "PostmanRuntime/7.33.0", "errors": "", "cost": 0.0001743}
2023-09-16T20:02:32.093+0800	INFO	logger/logger.go:84	/login	{"status": 404, "method": "GET", "path": "/login", "query": "", "ip": "::1", "user-agent": "PostmanRuntime/7.33.0", "errors": "", "cost": 0}
2023-09-16T20:03:24.830+0800	INFO	logger/logger.go:84	/login	{"status": 404, "method": "GET", "path": "/login", "query": "", "ip": "::1", "user-agent": "PostmanRuntime/7.33.0", "errors": "", "cost": 0}
2023-09-16T20:03:37.419+0800	INFO	logger/logger.go:84	/signup	{"status": 200, "method": "POST", "path": "/signup", "query": "", "ip": "::1", "user-agent": "PostmanRuntime/7.33.0", "errors": "", "cost": 0.0010115}
2023-09-16T20:03:38.430+0800	INFO	logger/logger.go:84	/signup	{"status": 200, "method": "POST", "path": "/signup", "query": "", "ip": "::1", "user-agent": "PostmanRuntime/7.33.0", "errors": "", "cost": 0.0010272}
2023-09-16T20:03:49.680+0800	INFO	logger/logger.go:84	/signup	{"status": 200, "method": "POST", "path": "/signup", "query": "", "ip": "::1", "user-agent": "PostmanRuntime/7.33.0", "errors": "", "cost": 0.0105009}
2023-09-16T20:03:50.425+0800	INFO	logger/logger.go:84	/signup	{"status": 200, "method": "POST", "path": "/signup", "query": "", "ip": "::1", "user-agent": "PostmanRuntime/7.33.0", "errors": "", "cost": 0.0000686}
2023-09-16T20:03:56.048+0800	INFO	logger/logger.go:84	/login	{"status": 404, "method": "GET", "path": "/login", "query": "", "ip": "::1", "user-agent": "PostmanRuntime/7.33.0", "errors": "", "cost": 0}
2023-09-16T20:05:02.487+0800	INFO	logger/logger.go:84	/login	{"status": 404, "method": "GET", "path": "/login", "query": "", "ip": "::1", "user-agent": "PostmanRuntime/7.33.0", "errors": "", "cost": 0}
2023-09-16T20:05:05.446+0800	INFO	logger/logger.go:84	/login	{"status": 404, "method": "GET", "path": "/login", "query": "", "ip": "::1", "user-agent": "PostmanRuntime/7.33.0", "errors": "", "cost": 0}
2023-09-16T20:05:15.152+0800	INFO	logger/logger.go:84	/login	{"status": 200, "method": "POST", "path": "/login", "query": "", "ip": "::1", "user-agent": "PostmanRuntime/7.33.0", "errors": "", "cost": 3.0897469}
2023-09-16T20:05:51.404+0800	INFO	logger/logger.go:84	/login	{"status": 200, "method": "POST", "path": "/login", "query": "", "ip": "::1", "user-agent": "PostmanRuntime/7.33.0", "errors": "", "cost": 0.001652}
2023-09-16T20:05:53.662+0800	INFO	logger/logger.go:84	/login	{"status": 200, "method": "POST", "path": "/login", "query": "", "ip": "::1", "user-agent": "PostmanRuntime/7.33.0", "errors": "", "cost": 0.000864}
2023-09-16T20:05:54.204+0800	INFO	logger/logger.go:84	/login	{"status": 200, "method": "POST", "path": "/login", "query": "", "ip": "::1", "user-agent": "PostmanRuntime/7.33.0", "errors": "", "cost": 0.0012215}
2023-09-16T20:05:58.490+0800	INFO	logger/logger.go:84	/login	{"status": 200, "method": "POST", "path": "/login", "query": "", "ip": "::1", "user-agent": "PostmanRuntime/7.33.0", "errors": "", "cost": 0.0009771}
2023-09-16T20:06:01.496+0800	INFO	logger/logger.go:84	/login	{"status": 200, "method": "POST", "path": "/login", "query": "", "ip": "::1", "user-agent": "PostmanRuntime/7.33.0", "errors": "", "cost": 0.0006789}
2023-09-16T20:06:02.301+0800	INFO	logger/logger.go:84	/login	{"status": 200, "method": "POST", "path": "/login", "query": "", "ip": "::1", "user-agent": "PostmanRuntime/7.33.0", "errors": "", "cost": 0.0001127}
2023-09-16T20:56:44.289+0800	INFO	logger/logger.go:84	/signup	{"status": 200, "method": "POST", "path": "/signup", "query": "", "ip": "::1", "user-agent": "PostmanRuntime/7.33.0", "errors": "", "cost": 0.0104778}
2023-09-16T20:56:45.645+0800	ERROR	controller/user.go:32	logic.SignUp failed	{"error": "用户名已存在"}
2023-09-16T20:56:45.646+0800	INFO	logger/logger.go:84	/signup	{"status": 200, "method": "POST", "path": "/signup", "query": "", "ip": "::1", "user-agent": "PostmanRuntime/7.33.0", "errors": "", "cost": 0.0005786}
2023-09-16T20:56:47.311+0800	ERROR	controller/user.go:32	logic.SignUp failed	{"error": "用户名已存在"}
2023-09-16T20:56:47.312+0800	INFO	logger/logger.go:84	/signup	{"status": 200, "method": "POST", "path": "/signup", "query": "", "ip": "::1", "user-agent": "PostmanRuntime/7.33.0", "errors": "", "cost": 0.0015079}
2023-09-16T20:56:48.049+0800	ERROR	controller/user.go:32	logic.SignUp failed	{"error": "用户名已存在"}
2023-09-16T20:56:48.049+0800	INFO	logger/logger.go:84	/signup	{"status": 200, "method": "POST", "path": "/signup", "query": "", "ip": "::1", "user-agent": "PostmanRuntime/7.33.0", "errors": "", "cost": 0.001514}
2023-09-16T20:56:49.158+0800	ERROR	controller/user.go:32	logic.SignUp failed	{"error": "用户名已存在"}
2023-09-16T20:56:49.158+0800	INFO	logger/logger.go:84	/signup	{"status": 200, "method": "POST", "path": "/signup", "query": "", "ip": "::1", "user-agent": "PostmanRuntime/7.33.0", "errors": "", "cost": 0.0006639}
2023-09-16T20:57:39.482+0800	ERROR	controller/user.go:32	logic.SignUp failed	{"error": "用户名已存在"}
2023-09-16T20:57:39.501+0800	INFO	logger/logger.go:84	/signup	{"status": 200, "method": "POST", "path": "/signup", "query": "", "ip": "::1", "user-agent": "PostmanRuntime/7.33.0", "errors": "", "cost": 0.0195166}
2023-09-16T20:57:40.351+0800	ERROR	controller/user.go:32	logic.SignUp failed	{"error": "用户名已存在"}
2023-09-16T20:57:40.351+0800	INFO	logger/logger.go:84	/signup	{"status": 200, "method": "POST", "path": "/signup", "query": "", "ip": "::1", "user-agent": "PostmanRuntime/7.33.0", "errors": "", "cost": 0.0005108}
2023-09-16T20:57:40.993+0800	ERROR	controller/user.go:32	logic.SignUp failed	{"error": "用户名已存在"}
2023-09-16T20:57:40.994+0800	INFO	logger/logger.go:84	/signup	{"status": 200, "method": "POST", "path": "/signup", "query": "", "ip": "::1", "user-agent": "PostmanRuntime/7.33.0", "errors": "", "cost": 0.0007849}
2023-09-16T20:58:00.458+0800	ERROR	controller/user.go:32	logic.SignUp failed	{"error": "用户名已存在"}
2023-09-16T20:58:00.458+0800	INFO	logger/logger.go:84	/signup	{"status": 200, "method": "POST", "path": "/signup", "query": "", "ip": "::1", "user-agent": "PostmanRuntime/7.33.0", "errors": "", "cost": 0.0009595}
2023-09-16T20:58:12.132+0800	ERROR	controller/user.go:20	SignUp with invalid param	{"error": "Key: 'ParamSignUp.re_password' Error:Field validation for 're_password' failed on the 'required' tag"}
2023-09-16T20:58:12.133+0800	INFO	logger/logger.go:84	/signup	{"status": 200, "method": "POST", "path": "/signup", "query": "", "ip": "::1", "user-agent": "PostmanRuntime/7.33.0", "errors": "", "cost": 0.0002601}
2023-09-16T20:58:13.103+0800	ERROR	controller/user.go:20	SignUp with invalid param	{"error": "Key: 'ParamSignUp.re_password' Error:Field validation for 're_password' failed on the 'required' tag"}
2023-09-16T20:58:13.103+0800	INFO	logger/logger.go:84	/signup	{"status": 200, "method": "POST", "path": "/signup", "query": "", "ip": "::1", "user-agent": "PostmanRuntime/7.33.0", "errors": "", "cost": 0.0003373}
2023-09-16T20:58:18.468+0800	ERROR	controller/user.go:20	SignUp with invalid param	{"error": "Key: 'ParamSignUp.re_password' Error:Field validation for 're_password' failed on the 'required' tag"}
2023-09-16T20:58:18.468+0800	INFO	logger/logger.go:84	/signup	{"status": 200, "method": "POST", "path": "/signup", "query": "", "ip": "::1", "user-agent": "PostmanRuntime/7.33.0", "errors": "", "cost": 0}
2023-09-16T20:59:09.530+0800	INFO	logger/logger.go:84	/signup	{"status": 200, "method": "POST", "path": "/signup", "query": "", "ip": "::1", "user-agent": "PostmanRuntime/7.33.0", "errors": "", "cost": 0.0091493}
2023-09-16T20:59:10.491+0800	ERROR	controller/user.go:32	logic.SignUp failed	{"error": "用户名已存在"}
2023-09-16T20:59:10.491+0800	INFO	logger/logger.go:84	/signup	{"status": 200, "method": "POST", "path": "/signup", "query": "", "ip": "::1", "user-agent": "PostmanRuntime/7.33.0", "errors": "", "cost": 0.0012899}
2023-09-16T20:59:11.277+0800	ERROR	controller/user.go:32	logic.SignUp failed	{"error": "用户名已存在"}
2023-09-16T20:59:11.277+0800	INFO	logger/logger.go:84	/signup	{"status": 200, "method": "POST", "path": "/signup", "query": "", "ip": "::1", "user-agent": "PostmanRuntime/7.33.0", "errors": "", "cost": 0.0006207}
2023-09-16T20:59:16.065+0800	INFO	logger/logger.go:84	/signup	{"status": 200, "method": "POST", "path": "/signup", "query": "", "ip": "::1", "user-agent": "PostmanRuntime/7.33.0", "errors": "", "cost": 0.0099478}
2023-09-16T21:05:46.185+0800	ERROR	controller/user.go:32	logic.SignUp failed	{"error": "用户名已存在"}
2023-09-16T21:05:46.202+0800	INFO	logger/logger.go:84	/signup	{"status": 200, "method": "POST", "path": "/signup", "query": "", "ip": "::1", "user-agent": "PostmanRuntime/7.33.0", "errors": "", "cost": 0.0185043}
2023-09-16T21:05:47.195+0800	ERROR	controller/user.go:32	logic.SignUp failed	{"error": "用户名已存在"}
2023-09-16T21:05:47.195+0800	INFO	logger/logger.go:84	/signup	{"status": 200, "method": "POST", "path": "/signup", "query": "", "ip": "::1", "user-agent": "PostmanRuntime/7.33.0", "errors": "", "cost": 0.0010013}
2023-09-16T21:05:51.874+0800	INFO	logger/logger.go:84	/signup	{"status": 200, "method": "POST", "path": "/signup", "query": "", "ip": "::1", "user-agent": "PostmanRuntime/7.33.0", "errors": "", "cost": 0.0103446}
2023-09-16T21:05:57.881+0800	INFO	logger/logger.go:84	/signup	{"status": 200, "method": "POST", "path": "/signup", "query": "", "ip": "::1", "user-agent": "PostmanRuntime/7.33.0", "errors": "", "cost": 0.0133658}
2023-09-16T21:06:02.329+0800	ERROR	controller/user.go:20	SignUp with invalid param	{"error": "Key: 'ParamSignUp.re_password' Error:Field validation for 're_password' failed on the 'eqfield' tag"}
2023-09-16T21:06:02.330+0800	INFO	logger/logger.go:84	/signup	{"status": 200, "method": "POST", "path": "/signup", "query": "", "ip": "::1", "user-agent": "PostmanRuntime/7.33.0", "errors": "", "cost": 0.0008284}
2023-09-16T21:06:06.231+0800	ERROR	controller/user.go:32	logic.SignUp failed	{"error": "用户名已存在"}
2023-09-16T21:06:06.232+0800	INFO	logger/logger.go:84	/signup	{"status": 200, "method": "POST", "path": "/signup", "query": "", "ip": "::1", "user-agent": "PostmanRuntime/7.33.0", "errors": "", "cost": 0.0009307}
2023-09-16T21:06:10.627+0800	INFO	logger/logger.go:84	/login	{"status": 200, "method": "POST", "path": "/login", "query": "", "ip": "::1", "user-agent": "PostmanRuntime/7.33.0", "errors": "", "cost": 0.0000826}
2023-09-16T21:06:11.498+0800	INFO	logger/logger.go:84	/login	{"status": 200, "method": "POST", "path": "/login", "query": "", "ip": "::1", "user-agent": "PostmanRuntime/7.33.0", "errors": "", "cost": 0.0007902}
2023-09-16T21:06:14.160+0800	INFO	logger/logger.go:84	/login	{"status": 200, "method": "POST", "path": "/login", "query": "", "ip": "::1", "user-agent": "PostmanRuntime/7.33.0", "errors": "", "cost": 0.0010141}
2023-09-16T21:06:16.358+0800	INFO	logger/logger.go:84	/login	{"status": 200, "method": "POST", "path": "/login", "query": "", "ip": "::1", "user-agent": "PostmanRuntime/7.33.0", "errors": "", "cost": 0.0002496}
2023-09-16T21:06:19.243+0800	INFO	logger/logger.go:84	/login	{"status": 200, "method": "POST", "path": "/login", "query": "", "ip": "::1", "user-agent": "PostmanRuntime/7.33.0", "errors": "", "cost": 0.0002632}
2023-09-16T21:06:21.475+0800	INFO	logger/logger.go:84	/login	{"status": 200, "method": "POST", "path": "/login", "query": "", "ip": "::1", "user-agent": "PostmanRuntime/7.33.0", "errors": "", "cost": 0.0007581}
2023-09-16T21:08:41.632+0800	INFO	logger/logger.go:84	/login	{"status": 200, "method": "POST", "path": "/login", "query": "", "ip": "::1", "user-agent": "PostmanRuntime/7.33.0", "errors": "", "cost": 0.0009336}
2023-09-16T21:08:42.350+0800	INFO	logger/logger.go:84	/login	{"status": 200, "method": "POST", "path": "/login", "query": "", "ip": "::1", "user-agent": "PostmanRuntime/7.33.0", "errors": "", "cost": 0.0014919}
2023-09-16T21:08:48.746+0800	INFO	logger/logger.go:84	/login	{"status": 200, "method": "POST", "path": "/login", "query": "", "ip": "::1", "user-agent": "PostmanRuntime/7.33.0", "errors": "", "cost": 0.0005643}
2023-09-16T21:08:50.762+0800	INFO	logger/logger.go:84	/login	{"status": 200, "method": "POST", "path": "/login", "query": "", "ip": "::1", "user-agent": "PostmanRuntime/7.33.0", "errors": "", "cost": 0.0009942}
2023-09-16T21:08:51.497+0800	INFO	logger/logger.go:84	/login	{"status": 200, "method": "POST", "path": "/login", "query": "", "ip": "::1", "user-agent": "PostmanRuntime/7.33.0", "errors": "", "cost": 0.000277}
2023-09-16T21:09:15.385+0800	INFO	logger/logger.go:84	/signup	{"status": 200, "method": "POST", "path": "/signup", "query": "", "ip": "::1", "user-agent": "PostmanRuntime/7.33.0", "errors": "", "cost": 0.009884}
2023-09-16T21:09:17.342+0800	INFO	logger/logger.go:84	/login	{"status": 200, "method": "POST", "path": "/login", "query": "", "ip": "::1", "user-agent": "PostmanRuntime/7.33.0", "errors": "", "cost": 0.0016194}
2023-09-16T23:27:00.287+0800	INFO	logger/logger.go:84	/login	{"status": 200, "method": "POST", "path": "/login", "query": "", "ip": "::1", "user-agent": "PostmanRuntime/7.33.0", "errors": "", "cost": 0.0038012}
2023-09-17T16:19:15.118+0800	ERROR	controller/user.go:32	logic.SignUp failed	{"error": "用户名已存在"}
2023-09-17T16:19:15.143+0800	INFO	logger/logger.go:84	/api/v1/signup	{"status": 200, "method": "POST", "path": "/api/v1/signup", "query": "", "ip": "::1", "user-agent": "PostmanRuntime/7.33.0", "errors": "", "cost": 0.026314}
2023-09-17T16:20:42.571+0800	INFO	logger/logger.go:84	/api/v1/community	{"status": 200, "method": "GET", "path": "/api/v1/community", "query": "", "ip": "::1", "user-agent": "PostmanRuntime/7.33.0", "errors": "", "cost": 0}
2023-09-17T16:22:41.759+0800	INFO	logger/logger.go:84	/api/v1/login	{"status": 200, "method": "POST", "path": "/api/v1/login", "query": "", "ip": "::1", "user-agent": "PostmanRuntime/7.33.0", "errors": "", "cost": 0.0010341}
2023-09-17T16:22:56.547+0800	INFO	logger/logger.go:84	/api/v1/community	{"status": 200, "method": "GET", "path": "/api/v1/community", "query": "", "ip": "::1", "user-agent": "PostmanRuntime/7.33.0", "errors": "", "cost": 0.0014579}
2023-09-17T16:23:47.360+0800	INFO	logger/logger.go:84	/api/v1/community	{"status": 200, "method": "GET", "path": "/api/v1/community", "query": "", "ip": "::1", "user-agent": "PostmanRuntime/7.33.0", "errors": "", "cost": 0.0003769}
2023-09-17T16:27:01.656+0800	ERROR	controller/community.go:17	logic.GetCommunityList() failed...	{"error": "Error 1146 (42S02): Table 'reddit.community1' doesn't exist"}
2023-09-17T16:27:01.656+0800	INFO	logger/logger.go:84	/api/v1/community	{"status": 200, "method": "GET", "path": "/api/v1/community", "query": "", "ip": "::1", "user-agent": "PostmanRuntime/7.33.0", "errors": "", "cost": 0.0193679}
2023-09-17T16:27:03.442+0800	ERROR	controller/community.go:17	logic.GetCommunityList() failed...	{"error": "Error 1146 (42S02): Table 'reddit.community1' doesn't exist"}
2023-09-17T16:27:03.442+0800	INFO	logger/logger.go:84	/api/v1/community	{"status": 200, "method": "GET", "path": "/api/v1/community", "query": "", "ip": "::1", "user-agent": "PostmanRuntime/7.33.0", "errors": "", "cost": 0.0013434}
2023-09-17T16:28:07.332+0800	INFO	logger/logger.go:84	/api/v1/community	{"status": 200, "method": "GET", "path": "/api/v1/community", "query": "", "ip": "::1", "user-agent": "PostmanRuntime/7.33.0", "errors": "", "cost": 0.001537}
2023-09-17T16:31:40.601+0800	INFO	logger/logger.go:84	/api/v1/community	{"status": 200, "method": "GET", "path": "/api/v1/community", "query": "", "ip": "::1", "user-agent": "PostmanRuntime/7.33.0", "errors": "", "cost": 0.0010298}
2023-09-17T16:32:01.346+0800	ERROR	controller/community.go:17	logic.GetCommunityList() failed...	{"error": "Error 1054 (42S22): Unknown column 'community_nam' in 'field list'"}
2023-09-17T16:32:01.347+0800	INFO	logger/logger.go:84	/api/v1/community	{"status": 200, "method": "GET", "path": "/api/v1/community", "query": "", "ip": "::1", "user-agent": "PostmanRuntime/7.33.0", "errors": "", "cost": 0.0256216}
2023-09-17T16:32:03.243+0800	ERROR	controller/community.go:17	logic.GetCommunityList() failed...	{"error": "Error 1054 (42S22): Unknown column 'community_nam' in 'field list'"}
2023-09-17T16:32:03.243+0800	INFO	logger/logger.go:84	/api/v1/community	{"status": 200, "method": "GET", "path": "/api/v1/community", "query": "", "ip": "::1", "user-agent": "PostmanRuntime/7.33.0", "errors": "", "cost": 0.00058}
2023-09-17T16:32:27.202+0800	ERROR	controller/community.go:17	logic.GetCommunityList() failed...	{"error": "Error 1054 (42S22): Unknown column 'community_nam' in 'field list'"}
2023-09-17T16:32:27.202+0800	INFO	logger/logger.go:84	/api/v1/community	{"status": 200, "method": "GET", "path": "/api/v1/community", "query": "", "ip": "::1", "user-agent": "PostmanRuntime/7.33.0", "errors": "", "cost": 0.0174961}
2023-09-17T16:32:40.698+0800	INFO	logger/logger.go:84	/api/v1/community	{"status": 200, "method": "GET", "path": "/api/v1/community", "query": "", "ip": "::1", "user-agent": "PostmanRuntime/7.33.0", "errors": "", "cost": 0.0015454}
2023-09-17T16:57:15.093+0800	INFO	logger/logger.go:84	/api/v1/community	{"status": 200, "method": "GET", "path": "/api/v1/community", "query": "", "ip": "::1", "user-agent": "PostmanRuntime/7.33.0", "errors": "", "cost": 0.0010183}
2023-09-17T16:57:19.198+0800	INFO	logger/logger.go:84	/api/v1/community	{"status": 200, "method": "GET", "path": "/api/v1/community", "query": "", "ip": "::1", "user-agent": "PostmanRuntime/7.33.0", "errors": "", "cost": 0.001001}
2023-09-17T16:59:23.934+0800	INFO	logger/logger.go:84	/api/v1/community	{"status": 200, "method": "GET", "path": "/api/v1/community", "query": "", "ip": "::1", "user-agent": "PostmanRuntime/7.33.0", "errors": "", "cost": 0.0015516}
2023-09-17T16:59:45.937+0800	INFO	logger/logger.go:84	/api/v1/community/:id	{"status": 200, "method": "GET", "path": "/api/v1/community/:id", "query": "", "ip": "::1", "user-agent": "PostmanRuntime/7.33.0", "errors": "", "cost": 0.0007435}
2023-09-17T17:00:00.661+0800	INFO	logger/logger.go:84	/api/v1/community/:id	{"status": 200, "method": "GET", "path": "/api/v1/community/:id", "query": "", "ip": "::1", "user-agent": "PostmanRuntime/7.33.0", "errors": "", "cost": 0.000472}
2023-09-17T17:00:10.114+0800	ERROR	controller/community.go:31	strconv.ParseInt failed...	{"error": "strconv.ParseInt: parsing \":id\": invalid syntax"}
2023-09-17T17:00:10.114+0800	INFO	logger/logger.go:84	/api/v1/community/:id	{"status": 200, "method": "GET", "path": "/api/v1/community/:id", "query": "", "ip": "::1", "user-agent": "PostmanRuntime/7.33.0", "errors": "", "cost": 0.0005249}
2023-09-17T17:00:11.356+0800	ERROR	controller/community.go:31	strconv.ParseInt failed...	{"error": "strconv.ParseInt: parsing \":id\": invalid syntax"}
2023-09-17T17:00:11.356+0800	INFO	logger/logger.go:84	/api/v1/community/:id	{"status": 200, "method": "GET", "path": "/api/v1/community/:id", "query": "", "ip": "::1", "user-agent": "PostmanRuntime/7.33.0", "errors": "", "cost": 0.0004436}
2023-09-17T17:00:41.499+0800	INFO	logger/logger.go:84	/api/v1/community/1	{"status": 200, "method": "GET", "path": "/api/v1/community/1", "query": "", "ip": "::1", "user-agent": "PostmanRuntime/7.33.0", "errors": "", "cost": 0.001143}
2023-09-17T17:00:47.048+0800	INFO	logger/logger.go:84	/api/v1/community/2	{"status": 200, "method": "GET", "path": "/api/v1/community/2", "query": "", "ip": "::1", "user-agent": "PostmanRuntime/7.33.0", "errors": "", "cost": 0.000969}
2023-09-17T17:00:50.394+0800	INFO	logger/logger.go:84	/api/v1/community/3	{"status": 200, "method": "GET", "path": "/api/v1/community/3", "query": "", "ip": "::1", "user-agent": "PostmanRuntime/7.33.0", "errors": "", "cost": 0.0008461}
2023-09-17T17:02:54.003+0800	INFO	logger/logger.go:84	/api/v1/community/4	{"status": 200, "method": "GET", "path": "/api/v1/community/4", "query": "", "ip": "::1", "user-agent": "PostmanRuntime/7.33.0", "errors": "", "cost": 0.0008124}
2023-09-17T17:02:57.382+0800	INFO	logger/logger.go:84	/api/v1/community/5	{"status": 200, "method": "GET", "path": "/api/v1/community/5", "query": "", "ip": "::1", "user-agent": "PostmanRuntime/7.33.0", "errors": "", "cost": 0.0009146}
2023-09-17T17:06:05.692+0800	INFO	logger/logger.go:84	/api/v1/community/5	{"status": 200, "method": "GET", "path": "/api/v1/community/5", "query": "", "ip": "::1", "user-agent": "PostmanRuntime/7.33.0", "errors": "", "cost": 26.7469252}
2023-09-17T17:06:23.325+0800	INFO	logger/logger.go:84	/api/v1/community/5	{"status": 200, "method": "GET", "path": "/api/v1/community/5", "query": "", "ip": "::1", "user-agent": "PostmanRuntime/7.33.0", "errors": "", "cost": 15.9476526}
2023-09-17T17:08:12.686+0800	INFO	logger/logger.go:84	/api/v1/community/5	{"status": 200, "method": "GET", "path": "/api/v1/community/5", "query": "", "ip": "::1", "user-agent": "PostmanRuntime/7.33.0", "errors": "", "cost": 51.6318264}
2023-09-17T17:08:33.300+0800	WARN	mysql/community.go:23	communityID is not correct
2023-09-17T17:08:35.487+0800	ERROR	controller/community.go:39	logic.GetCommunityListDetail() failed...	{"error": "无效的id"}
2023-09-17T17:08:35.487+0800	INFO	logger/logger.go:84	/api/v1/community/5	{"status": 200, "method": "GET", "path": "/api/v1/community/5", "query": "", "ip": "::1", "user-agent": "PostmanRuntime/7.33.0", "errors": "", "cost": 15.4087556}
2023-09-17T17:20:01.993+0800	ERROR	controller/community.go:31	strconv.ParseInt failed...	{"error": "strconv.ParseInt: parsing \"caonima\": invalid syntax"}
2023-09-17T17:20:02.011+0800	INFO	logger/logger.go:84	/api/v1/community/caonima	{"status": 200, "method": "GET", "path": "/api/v1/community/caonima", "query": "", "ip": "::1", "user-agent": "PostmanRuntime/7.33.0", "errors": "", "cost": 0.0180066}
2023-09-17T17:20:07.734+0800	ERROR	controller/community.go:31	strconv.ParseInt failed...	{"error": "strconv.ParseInt: parsing \"996icu\": invalid syntax"}
2023-09-17T17:20:07.734+0800	INFO	logger/logger.go:84	/api/v1/community/996icu	{"status": 200, "method": "GET", "path": "/api/v1/community/996icu", "query": "", "ip": "::1", "user-agent": "PostmanRuntime/7.33.0", "errors": "", "cost": 0.0002069}
2023-09-17T17:20:10.189+0800	WARN	mysql/community.go:23	communityID is not correct
2023-09-17T17:20:10.189+0800	ERROR	controller/community.go:39	logic.GetCommunityListDetail() failed...	{"error": "无效的id"}
2023-09-17T17:20:10.189+0800	INFO	logger/logger.go:84	/api/v1/community/123	{"status": 200, "method": "GET", "path": "/api/v1/community/123", "query": "", "ip": "::1", "user-agent": "PostmanRuntime/7.33.0", "errors": "", "cost": 0.001467}
2023-09-17T17:35:39.524+0800	INFO	logger/logger.go:84	/api/v1/login	{"status": 200, "method": "POST", "path": "/api/v1/login", "query": "", "ip": "::1", "user-agent": "PostmanRuntime/7.33.0", "errors": "", "cost": 0.0018791}
2023-09-17T17:35:41.489+0800	INFO	logger/logger.go:84	/api/v1/login	{"status": 200, "method": "POST", "path": "/api/v1/login", "query": "", "ip": "::1", "user-agent": "PostmanRuntime/7.33.0", "errors": "", "cost": 0.001482}
2023-09-17T22:22:18.809+0800	ERROR	controller/user.go:32	logic.SignUp failed	{"error": "用户名已存在"}
2023-09-17T22:22:18.826+0800	INFO	logger/logger.go:84	/api/v1/signup	{"status": 200, "method": "POST", "path": "/api/v1/signup", "query": "", "ip": "::1", "user-agent": "PostmanRuntime/7.33.0", "errors": "", "cost": 0.0191086}
2023-09-17T22:22:20.074+0800	ERROR	controller/user.go:32	logic.SignUp failed	{"error": "用户名已存在"}
2023-09-17T22:22:20.074+0800	INFO	logger/logger.go:84	/api/v1/signup	{"status": 200, "method": "POST", "path": "/api/v1/signup", "query": "", "ip": "::1", "user-agent": "PostmanRuntime/7.33.0", "errors": "", "cost": 0.0011475}
2023-09-17T22:22:21.814+0800	INFO	logger/logger.go:84	/api/v1/login	{"status": 200, "method": "POST", "path": "/api/v1/login", "query": "", "ip": "::1", "user-agent": "PostmanRuntime/7.33.0", "errors": "", "cost": 0.0007416}
2023-09-17T22:22:25.472+0800	INFO	logger/logger.go:84	/api/v1/community	{"status": 200, "method": "GET", "path": "/api/v1/community", "query": "", "ip": "::1", "user-agent": "PostmanRuntime/7.33.0", "errors": "", "cost": 0.0009179}
2023-09-17T22:22:26.744+0800	INFO	logger/logger.go:84	/api/v1/community	{"status": 200, "method": "GET", "path": "/api/v1/community", "query": "", "ip": "::1", "user-agent": "PostmanRuntime/7.33.0", "errors": "", "cost": 0.0009142}
2023-09-17T22:22:27.630+0800	INFO	logger/logger.go:84	/api/v1/community	{"status": 200, "method": "GET", "path": "/api/v1/community", "query": "", "ip": "::1", "user-agent": "PostmanRuntime/7.33.0", "errors": "", "cost": 0.0009909}
2023-09-17T22:22:37.999+0800	INFO	logger/logger.go:84	/api/v1/community	{"status": 200, "method": "GET", "path": "/api/v1/community", "query": "", "ip": "::1", "user-agent": "PostmanRuntime/7.33.0", "errors": "", "cost": 0.0086747}
2023-09-17T22:22:44.105+0800	INFO	logger/logger.go:84	/api/v1/community/1	{"status": 200, "method": "GET", "path": "/api/v1/community/1", "query": "", "ip": "::1", "user-agent": "PostmanRuntime/7.33.0", "errors": "", "cost": 0.0009603}
2023-09-17T22:22:49.712+0800	INFO	logger/logger.go:84	/api/v1/community/1	{"status": 200, "method": "GET", "path": "/api/v1/community/1", "query": "", "ip": "::1", "user-agent": "PostmanRuntime/7.33.0", "errors": "", "cost": 0.0008057}
2023-09-17T22:22:53.881+0800	INFO	logger/logger.go:84	/api/v1/community/2	{"status": 200, "method": "GET", "path": "/api/v1/community/2", "query": "", "ip": "::1", "user-agent": "PostmanRuntime/7.33.0", "errors": "", "cost": 0.0015375}
2023-09-17T22:22:57.681+0800	INFO	logger/logger.go:84	/api/v1/community/3	{"status": 200, "method": "GET", "path": "/api/v1/community/3", "query": "", "ip": "::1", "user-agent": "PostmanRuntime/7.33.0", "errors": "", "cost": 0.0001771}
2023-09-17T22:23:01.785+0800	INFO	logger/logger.go:84	/api/v1/community/4	{"status": 200, "method": "GET", "path": "/api/v1/community/4", "query": "", "ip": "::1", "user-agent": "PostmanRuntime/7.33.0", "errors": "", "cost": 0.0007387}
2023-09-17T22:23:04.793+0800	WARN	mysql/community.go:23	communityID is not correct
2023-09-17T22:23:04.793+0800	ERROR	controller/community.go:38	logic.GetCommunityListDetail() failed...	{"error": "无效的ID"}
2023-09-17T22:23:04.793+0800	INFO	logger/logger.go:84	/api/v1/community/5	{"status": 200, "method": "GET", "path": "/api/v1/community/5", "query": "", "ip": "::1", "user-agent": "PostmanRuntime/7.33.0", "errors": "", "cost": 0.0007389}
2023-09-17T22:23:08.078+0800	WARN	mysql/community.go:23	communityID is not correct
2023-09-17T22:23:08.079+0800	ERROR	controller/community.go:38	logic.GetCommunityListDetail() failed...	{"error": "无效的ID"}
2023-09-17T22:23:08.079+0800	INFO	logger/logger.go:84	/api/v1/community/6	{"status": 200, "method": "GET", "path": "/api/v1/community/6", "query": "", "ip": "::1", "user-agent": "PostmanRuntime/7.33.0", "errors": "", "cost": 0.0009998}
2023-09-17T22:23:09.781+0800	INFO	logger/logger.go:84	/api/v1/community/6as	{"status": 200, "method": "GET", "path": "/api/v1/community/6as", "query": "", "ip": "::1", "user-agent": "PostmanRuntime/7.33.0", "errors": "", "cost": 0.0003699}
2023-09-17T22:23:13.769+0800	INFO	logger/logger.go:84	/api/v1/community/飒飒的	{"status": 200, "method": "GET", "path": "/api/v1/community/飒飒的", "query": "", "ip": "::1", "user-agent": "PostmanRuntime/7.33.0", "errors": "", "cost": 0.0004441}
2023-09-17T22:23:18.505+0800	INFO	logger/logger.go:84	/api/v1/community/1	{"status": 200, "method": "GET", "path": "/api/v1/community/1", "query": "", "ip": "::1", "user-agent": "PostmanRuntime/7.33.0", "errors": "", "cost": 0.0004681}
